 Hello world
  44                 CITRA_COMMON_GLOBAL_ID_OFFSET                                                       
 -2147483648         CITRA_COMMON_FAN_STATUS_STALL_REG_BIT_MASK                                          
  4194303            CITRA_COMMON_FAN_STATUS_PERIOD_REG_BIT_MASK                                         
  15                 CITRA_COMMON_GLOBAL_ID_REAR_ID_BIT_MASK                                             
  0                  CITRA_COMMON_GLOBAL_ID_REAR_ID_BIT_LSB                                              
  65792              CITRA_COMMON_TIMING_ADDRESS                                                         
  0                  CITRA_COMMON_TIMING_CONTROL_OFFSET                                                  
  65872              CITRA_COMMON_TIMING_ADDRESS+CITRA_COMMON_TIMING_OUT_TOF_DLY_SD_PAL_OFFSET         
  131072             CITRA_REAR_IO_RP_QUAD_SDI_ADDRESS(0)                                                
  96                 CITRA_REAR_IO_RP_QUAD_SDI_CSR_OFFSET                                                
  133120             CITRA_REAR_IO_RP_QUAD_SDI_ADDRESS(1)                                                
  96                 CITRA_REAR_IO_RP_QUAD_SDI_CSR_OFFSET                                                
  135168             CITRA_REAR_IO_RP_QUAD_SDI_ADDRESS(2)                                                
  96                 CITRA_REAR_IO_RP_QUAD_SDI_CSR_OFFSET                                                
  0                  CITRA_ROUTER_IO_GV_ASI_GVASI_CLK_CTRL_OFFSET                                        
  144                CITRA_ROUTER_IO_GV_ASI_GVASI_TX_CSR_OFFSET                                          
  144                CITRA_ROUTER_IO_GV_ASI_GVASI_TX_CSR_OFFSET                                          
  144                CITRA_ROUTER_IO_GV_ASI_GVASI_TX_CSR_OFFSET                                          
  144                CITRA_ROUTER_IO_GV_ASI_GVASI_TX_CSR_OFFSET                                          
  144                CITRA_ROUTER_IO_GV_ASI_GVASI_TX_CSR_OFFSET                                          
  144                CITRA_ROUTER_IO_GV_ASI_GVASI_TX_CSR_OFFSET                                          
  144                CITRA_ROUTER_IO_GV_ASI_GVASI_TX_CSR_OFFSET                                          
  144                CITRA_ROUTER_IO_GV_ASI_GVASI_TX_CSR_OFFSET                                          
  144                CITRA_ROUTER_IO_GV_ASI_GVASI_TX_CSR_OFFSET                                          
  131072             CITRA_REAR_IO_RP_QUAD_ADDRESS(0)                                                    
  12                 CITRA_REAR_IO_RP_QUAD_SDI_RX0_CTRL_OFFSET                                           
  131072             CITRA_REAR_IO_RP_QUAD_ADDRESS(0)                                                    
  36                 CITRA_REAR_IO_RP_QUAD_SDI_RX1_CTRL_OFFSET                                           
  131072             CITRA_REAR_IO_RP_QUAD_ADDRESS(0)                                                    
  60                 CITRA_REAR_IO_RP_QUAD_SDI_RX2_CTRL_OFFSET                                           
  131072             CITRA_REAR_IO_RP_QUAD_ADDRESS(0)                                                    
  84                 CITRA_REAR_IO_RP_QUAD_SDI_RX3_CTRL_OFFSET                                           
  133120             CITRA_REAR_IO_RP_QUAD_ADDRESS(1)                                                    
  12                 CITRA_REAR_IO_RP_QUAD_SDI_RX0_CTRL_OFFSET                                           
  133120             CITRA_REAR_IO_RP_QUAD_ADDRESS(1)                                                    
  36                 CITRA_REAR_IO_RP_QUAD_SDI_RX1_CTRL_OFFSET                                           
  133120             CITRA_REAR_IO_RP_QUAD_ADDRESS(1)                                                    
  60                 CITRA_REAR_IO_RP_QUAD_SDI_RX2_CTRL_OFFSET                                           
  133120             CITRA_REAR_IO_RP_QUAD_ADDRESS(1)                                                    
  84                 CITRA_REAR_IO_RP_QUAD_SDI_RX3_CTRL_OFFSET                                           
  135168             CITRA_REAR_IO_RP_QUAD_ADDRESS(2)                                                    
  12                 CITRA_REAR_IO_RP_QUAD_SDI_RX0_CTRL_OFFSET                                           
  131208             CITRA_REAR_IO_RP_QUAD_ADDRESS(0)+CITRA_REAR_IO_RP_QUAD_SDI_DSRX0_CRC_ERR_CNT_O    
  131212             CITRA_REAR_IO_RP_QUAD_ADDRESS(0)+CITRA_REAR_IO_RP_QUAD_SDI_DSRX1_CRC_ERR_CNT_O    
  131216             CITRA_REAR_IO_RP_QUAD_ADDRESS(0)+CITRA_REAR_IO_RP_QUAD_SDI_DSRX2_CRC_ERR_CNT_O    
  131220             CITRA_REAR_IO_RP_QUAD_ADDRESS(0)+CITRA_REAR_IO_RP_QUAD_SDI_DSRX3_CRC_ERR_CNT_O    
  133256             CITRA_REAR_IO_RP_QUAD_ADDRESS(1)+CITRA_REAR_IO_RP_QUAD_SDI_DSRX0_CRC_ERR_CNT_O    
  133260             CITRA_REAR_IO_RP_QUAD_ADDRESS(1)+CITRA_REAR_IO_RP_QUAD_SDI_DSRX1_CRC_ERR_CNT_O    
  133264             CITRA_REAR_IO_RP_QUAD_ADDRESS(1)+CITRA_REAR_IO_RP_QUAD_SDI_DSRX2_CRC_ERR_CNT_O    
  133268             CITRA_REAR_IO_RP_QUAD_ADDRESS(1)+CITRA_REAR_IO_RP_QUAD_SDI_DSRX3_CRC_ERR_CNT_O    
  135304             CITRA_REAR_IO_RP_QUAD_ADDRESS(2)+CITRA_REAR_IO_RP_QUAD_SDI_DSRX0_CRC_ERR_CNT_O    
  131072             CITRA_REAR_IO_RP_QUAD_ADDRESS(0)                                                    
  0                  CITRA_REAR_IO_RP_QUAD_SDI_TX0_CTRL_OFFSET                                           
  131072             CITRA_REAR_IO_RP_QUAD_ADDRESS(0)                                                    
  24                 CITRA_REAR_IO_RP_QUAD_SDI_TX1_CTRL_OFFSET                                           
  131072             CITRA_REAR_IO_RP_QUAD_ADDRESS(0)                                                    
  48                 CITRA_REAR_IO_RP_QUAD_SDI_TX2_CTRL_OFFSET                                           
  131072             CITRA_REAR_IO_RP_QUAD_ADDRESS(0)                                                    
  72                 CITRA_REAR_IO_RP_QUAD_SDI_TX3_CTRL_OFFSET                                           
  133120             CITRA_REAR_IO_RP_QUAD_ADDRESS(1)                                                    
  0                  CITRA_REAR_IO_RP_QUAD_SDI_TX0_CTRL_OFFSET                                           
  133120             CITRA_REAR_IO_RP_QUAD_ADDRESS(1)                                                    
  24                 CITRA_REAR_IO_RP_QUAD_SDI_TX1_CTRL_OFFSET                                           
  133120             CITRA_REAR_IO_RP_QUAD_ADDRESS(1)                                                    
  48                 CITRA_REAR_IO_RP_QUAD_SDI_TX2_CTRL_OFFSET                                           
  133120             CITRA_REAR_IO_RP_QUAD_ADDRESS(1)                                                    
  72                 CITRA_REAR_IO_RP_QUAD_SDI_TX3_CTRL_OFFSET                                           
  135168             CITRA_REAR_IO_RP_QUAD_ADDRESS(2)                                                    
  0                  CITRA_REAR_IO_RP_QUAD_SDI_TX0_CTRL_OFFSET                                           
  131072             CITRA_REAR_IO_RP_QUAD_ADDRESS(0)+CITRA_REAR_IO_RP_QUAD_SDI_TX0_CTRL_OFFSET        
  131096             CITRA_REAR_IO_RP_QUAD_ADDRESS(0)+CITRA_REAR_IO_RP_QUAD_SDI_TX1_CTRL_OFFSET        
  131120             CITRA_REAR_IO_RP_QUAD_ADDRESS(0)+CITRA_REAR_IO_RP_QUAD_SDI_TX2_CTRL_OFFSET        
  131144             CITRA_REAR_IO_RP_QUAD_ADDRESS(0)+CITRA_REAR_IO_RP_QUAD_SDI_TX3_CTRL_OFFSET        
  133120             CITRA_REAR_IO_RP_QUAD_ADDRESS(1)+CITRA_REAR_IO_RP_QUAD_SDI_TX0_CTRL_OFFSET        
  133144             CITRA_REAR_IO_RP_QUAD_ADDRESS(1)+CITRA_REAR_IO_RP_QUAD_SDI_TX1_CTRL_OFFSET        
  133168             CITRA_REAR_IO_RP_QUAD_ADDRESS(1)+CITRA_REAR_IO_RP_QUAD_SDI_TX2_CTRL_OFFSET        
  133192             CITRA_REAR_IO_RP_QUAD_ADDRESS(1)+CITRA_REAR_IO_RP_QUAD_SDI_TX3_CTRL_OFFSET        
  135168             CITRA_REAR_IO_RP_QUAD_ADDRESS(2)+CITRA_REAR_IO_RP_QUAD_SDI_TX0_CTRL_OFFSET        
  196620             CITRA_ROUTER_IO_GV_ASI_ADDRESS+CITRA_ROUTER_IO_GV_ASI_GVASI_CTRL0_OFFSET          
  196624             CITRA_ROUTER_IO_GV_ASI_ADDRESS+CITRA_ROUTER_IO_GV_ASI_GVASI_CTRL1_OFFSET          
  196628             CITRA_ROUTER_IO_GV_ASI_ADDRESS+CITRA_ROUTER_IO_GV_ASI_GVASI_CTRL2_OFFSET          
  196632             CITRA_ROUTER_IO_GV_ASI_ADDRESS+CITRA_ROUTER_IO_GV_ASI_GVASI_CTRL3_OFFSET          
  196636             CITRA_ROUTER_IO_GV_ASI_ADDRESS+CITRA_ROUTER_IO_GV_ASI_GVASI_CTRL4_OFFSET          
  196640             CITRA_ROUTER_IO_GV_ASI_ADDRESS+CITRA_ROUTER_IO_GV_ASI_GVASI_CTRL5_OFFSET          
  196644             CITRA_ROUTER_IO_GV_ASI_ADDRESS+CITRA_ROUTER_IO_GV_ASI_GVASI_CTRL6_OFFSET          
  196648             CITRA_ROUTER_IO_GV_ASI_ADDRESS+CITRA_ROUTER_IO_GV_ASI_GVASI_CTRL7_OFFSET          
  196652             CITRA_ROUTER_IO_GV_ASI_ADDRESS+CITRA_ROUTER_IO_GV_ASI_GVASI_CTRL8_OFFSET          
  132096             CITRA_REAR_IO_RP_QUAD_SDI_SDI_INPUT_FLYWHEEL_ADDRESS(0,0)                           
  132352             CITRA_REAR_IO_RP_QUAD_SDI_SDI_INPUT_FLYWHEEL_ADDRESS(0,1)                           
  132608             CITRA_REAR_IO_RP_QUAD_SDI_SDI_INPUT_FLYWHEEL_ADDRESS(0,2)                           
  132864             CITRA_REAR_IO_RP_QUAD_SDI_SDI_INPUT_FLYWHEEL_ADDRESS(0,3)                           
  134144             CITRA_REAR_IO_RP_QUAD_SDI_SDI_INPUT_FLYWHEEL_ADDRESS(1,0)                           
  134400             CITRA_REAR_IO_RP_QUAD_SDI_SDI_INPUT_FLYWHEEL_ADDRESS(1,1)                           
  134656             CITRA_REAR_IO_RP_QUAD_SDI_SDI_INPUT_FLYWHEEL_ADDRESS(1,2)                           
  134912             CITRA_REAR_IO_RP_QUAD_SDI_SDI_INPUT_FLYWHEEL_ADDRESS(1,3)                           
  136192             CITRA_REAR_IO_RP_QUAD_SDI_SDI_INPUT_FLYWHEEL_ADDRESS(2,0)                           
  196864             CITRA_ROUTER_IO_SDI_OUTPUT_FLYWHEEL_ADDRESS(0)                                      
  197120             CITRA_ROUTER_IO_SDI_OUTPUT_FLYWHEEL_ADDRESS(1)                                      
  197376             CITRA_ROUTER_IO_SDI_OUTPUT_FLYWHEEL_ADDRESS(2)                                      
  197632             CITRA_ROUTER_IO_SDI_OUTPUT_FLYWHEEL_ADDRESS(3)                                      
  197888             CITRA_ROUTER_IO_SDI_OUTPUT_FLYWHEEL_ADDRESS(4)                                      
  198144             CITRA_ROUTER_IO_SDI_OUTPUT_FLYWHEEL_ADDRESS(5)                                      
  198400             CITRA_ROUTER_IO_SDI_OUTPUT_FLYWHEEL_ADDRESS(6)                                      
  198656             CITRA_ROUTER_IO_SDI_OUTPUT_FLYWHEEL_ADDRESS(7)                                      
  198912             CITRA_ROUTER_IO_SDI_OUTPUT_FLYWHEEL_ADDRESS(8)                                      
  196620             CITRA_ROUTER_IO_GV_ASI_ADDRESS+CITRA_ROUTER_IO_GV_ASI_GVASI_CTRL0_OFFSET          
  196624             CITRA_ROUTER_IO_GV_ASI_ADDRESS+CITRA_ROUTER_IO_GV_ASI_GVASI_CTRL1_OFFSET          
  196628             CITRA_ROUTER_IO_GV_ASI_ADDRESS+CITRA_ROUTER_IO_GV_ASI_GVASI_CTRL2_OFFSET          
  196632             CITRA_ROUTER_IO_GV_ASI_ADDRESS+CITRA_ROUTER_IO_GV_ASI_GVASI_CTRL3_OFFSET          
  196636             CITRA_ROUTER_IO_GV_ASI_ADDRESS+CITRA_ROUTER_IO_GV_ASI_GVASI_CTRL4_OFFSET          
  196640             CITRA_ROUTER_IO_GV_ASI_ADDRESS+CITRA_ROUTER_IO_GV_ASI_GVASI_CTRL5_OFFSET          
  196644             CITRA_ROUTER_IO_GV_ASI_ADDRESS+CITRA_ROUTER_IO_GV_ASI_GVASI_CTRL6_OFFSET          
  196648             CITRA_ROUTER_IO_GV_ASI_ADDRESS+CITRA_ROUTER_IO_GV_ASI_GVASI_CTRL7_OFFSET          
  196652             CITRA_ROUTER_IO_GV_ASI_ADDRESS+CITRA_ROUTER_IO_GV_ASI_GVASI_CTRL8_OFFSET          
  327680             CITRA_OUTPUT_PROC_OUTPUT_CHANNEL_VIDEO_ADDRESS(0)                                   
  331776             CITRA_OUTPUT_PROC_OUTPUT_CHANNEL_VIDEO_ADDRESS(1)                                   
  335872             CITRA_OUTPUT_PROC_OUTPUT_CHANNEL_VIDEO_ADDRESS(2)                                   
  339968             CITRA_OUTPUT_PROC_OUTPUT_CHANNEL_VIDEO_ADDRESS(3)                                   
  344064             CITRA_OUTPUT_PROC_OUTPUT_CHANNEL_VIDEO_ADDRESS(4)                                   
  348160             CITRA_OUTPUT_PROC_OUTPUT_CHANNEL_VIDEO_ADDRESS(5)                                   
  352256             CITRA_OUTPUT_PROC_OUTPUT_CHANNEL_VIDEO_ADDRESS(6)                                   
  356352             CITRA_OUTPUT_PROC_OUTPUT_CHANNEL_VIDEO_ADDRESS(7)                                   
  360448             CITRA_OUTPUT_PROC_OUTPUT_CHANNEL_VIDEO_ADDRESS(8)                                   
  328448             CITRA_OUTPUT_PROC_OUTPUT_CHANNEL_TIMING_ADDRESS(0)                                  
  332544             CITRA_OUTPUT_PROC_OUTPUT_CHANNEL_TIMING_ADDRESS(1)                                  
  336640             CITRA_OUTPUT_PROC_OUTPUT_CHANNEL_TIMING_ADDRESS(2)                                  
  340736             CITRA_OUTPUT_PROC_OUTPUT_CHANNEL_TIMING_ADDRESS(3)                                  
  344832             CITRA_OUTPUT_PROC_OUTPUT_CHANNEL_TIMING_ADDRESS(4)                                  
  348928             CITRA_OUTPUT_PROC_OUTPUT_CHANNEL_TIMING_ADDRESS(5)                                  
  353024             CITRA_OUTPUT_PROC_OUTPUT_CHANNEL_TIMING_ADDRESS(6)                                  
  357120             CITRA_OUTPUT_PROC_OUTPUT_CHANNEL_TIMING_ADDRESS(7)                                  
  361216             CITRA_OUTPUT_PROC_OUTPUT_CHANNEL_TIMING_ADDRESS(8)                                  
  262400             CITRA_INPUT_PROC_INPUT_CHANNEL_AUDIO_DMB_ADDRESS(0)                                 
  266496             CITRA_INPUT_PROC_INPUT_CHANNEL_AUDIO_DMB_ADDRESS(1)                                 
  270592             CITRA_INPUT_PROC_INPUT_CHANNEL_AUDIO_DMB_ADDRESS(2)                                 
  274688             CITRA_INPUT_PROC_INPUT_CHANNEL_AUDIO_DMB_ADDRESS(3)                                 
  278784             CITRA_INPUT_PROC_INPUT_CHANNEL_AUDIO_DMB_ADDRESS(4)                                 
  282880             CITRA_INPUT_PROC_INPUT_CHANNEL_AUDIO_DMB_ADDRESS(5)                                 
  286976             CITRA_INPUT_PROC_INPUT_CHANNEL_AUDIO_DMB_ADDRESS(6)                                 
  291072             CITRA_INPUT_PROC_INPUT_CHANNEL_AUDIO_DMB_ADDRESS(7)                                 
  295168             CITRA_INPUT_PROC_INPUT_CHANNEL_AUDIO_DMB_ADDRESS(8)                                 
  262400             CITRA_INPUT_PROC_INPUT_CHANNEL_AUDIO_DMB_ADDRESS(0)                                 
  266496             CITRA_INPUT_PROC_INPUT_CHANNEL_AUDIO_DMB_ADDRESS(1)                                 
  270592             CITRA_INPUT_PROC_INPUT_CHANNEL_AUDIO_DMB_ADDRESS(2)                                 
  274688             CITRA_INPUT_PROC_INPUT_CHANNEL_AUDIO_DMB_ADDRESS(3)                                 
  278784             CITRA_INPUT_PROC_INPUT_CHANNEL_AUDIO_DMB_ADDRESS(4)                                 
  282880             CITRA_INPUT_PROC_INPUT_CHANNEL_AUDIO_DMB_ADDRESS(5)                                 
  286976             CITRA_INPUT_PROC_INPUT_CHANNEL_AUDIO_DMB_ADDRESS(6)                                 
  291072             CITRA_INPUT_PROC_INPUT_CHANNEL_AUDIO_DMB_ADDRESS(7)                                 
  295168             CITRA_INPUT_PROC_INPUT_CHANNEL_AUDIO_DMB_ADDRESS(8)                                 
  327936             CITRA_OUTPUT_PROC_OUTPUT_CHANNEL_AUDIO_EMB_ADDRESS(0)                               
  332032             CITRA_OUTPUT_PROC_OUTPUT_CHANNEL_AUDIO_EMB_ADDRESS(1)                               
  336128             CITRA_OUTPUT_PROC_OUTPUT_CHANNEL_AUDIO_EMB_ADDRESS(2)                               
  340224             CITRA_OUTPUT_PROC_OUTPUT_CHANNEL_AUDIO_EMB_ADDRESS(3)                               
  344320             CITRA_OUTPUT_PROC_OUTPUT_CHANNEL_AUDIO_EMB_ADDRESS(4)                               
  348416             CITRA_OUTPUT_PROC_OUTPUT_CHANNEL_AUDIO_EMB_ADDRESS(5)                               
  352512             CITRA_OUTPUT_PROC_OUTPUT_CHANNEL_AUDIO_EMB_ADDRESS(6)                               
  356608             CITRA_OUTPUT_PROC_OUTPUT_CHANNEL_AUDIO_EMB_ADDRESS(7)                               
  360704             CITRA_OUTPUT_PROC_OUTPUT_CHANNEL_AUDIO_EMB_ADDRESS(8)                               
  327936             CITRA_OUTPUT_PROC_OUTPUT_CHANNEL_AUDIO_EMB_ADDRESS(0)                               
  332032             CITRA_OUTPUT_PROC_OUTPUT_CHANNEL_AUDIO_EMB_ADDRESS(1)                               
  336128             CITRA_OUTPUT_PROC_OUTPUT_CHANNEL_AUDIO_EMB_ADDRESS(2)                               
  340224             CITRA_OUTPUT_PROC_OUTPUT_CHANNEL_AUDIO_EMB_ADDRESS(3)                               
  344320             CITRA_OUTPUT_PROC_OUTPUT_CHANNEL_AUDIO_EMB_ADDRESS(4)                               
  348416             CITRA_OUTPUT_PROC_OUTPUT_CHANNEL_AUDIO_EMB_ADDRESS(5)                               
  352512             CITRA_OUTPUT_PROC_OUTPUT_CHANNEL_AUDIO_EMB_ADDRESS(6)                               
  356608             CITRA_OUTPUT_PROC_OUTPUT_CHANNEL_AUDIO_EMB_ADDRESS(7)                               
  360704             CITRA_OUTPUT_PROC_OUTPUT_CHANNEL_AUDIO_EMB_ADDRESS(8)                               
  52                 CITRA_ROUTER_IO_GV_ASI_ATDM_CTL_OFFSET                                              
  64                 CITRA_COMMON_GLOBAL_ATDM_RST_CTL_OFFSET                                             
  108                CITRA_COMMON_GLOBAL_SILABS_STAT_OFFSET                                              
  262912             CITRA_INPUT_PROC_INPUT_CHANNEL_AUDIO_DETECT_ADDRESS(0)                              
  267008             CITRA_INPUT_PROC_INPUT_CHANNEL_AUDIO_DETECT_ADDRESS(1)                              
  271104             CITRA_INPUT_PROC_INPUT_CHANNEL_AUDIO_DETECT_ADDRESS(2)                              
  275200             CITRA_INPUT_PROC_INPUT_CHANNEL_AUDIO_DETECT_ADDRESS(3)                              
  279296             CITRA_INPUT_PROC_INPUT_CHANNEL_AUDIO_DETECT_ADDRESS(4)                              
  283392             CITRA_INPUT_PROC_INPUT_CHANNEL_AUDIO_DETECT_ADDRESS(5)                              
  287488             CITRA_INPUT_PROC_INPUT_CHANNEL_AUDIO_DETECT_ADDRESS(6)                              
  291584             CITRA_INPUT_PROC_INPUT_CHANNEL_AUDIO_DETECT_ADDRESS(7)                              
  295680             CITRA_INPUT_PROC_INPUT_CHANNEL_AUDIO_DETECT_ADDRESS(8)                              
  32                 CITRA_COMMON_TONE_GEN_IN_ENABLE_OFFSET                                              
  36                 CITRA_COMMON_TONE_GEN_OUT_ENABLE_OFFSET                                             
  144                CITRA_ROUTER_IO_GV_ASI_GVASI_TX_CSR_OFFSET                                          
  144                CITRA_ROUTER_IO_GV_ASI_GVASI_TX_CSR_OFFSET                                          
  144                CITRA_ROUTER_IO_GV_ASI_GVASI_TX_CSR_OFFSET                                          
  144                CITRA_ROUTER_IO_GV_ASI_GVASI_TX_CSR_OFFSET                                          
  144                CITRA_ROUTER_IO_GV_ASI_GVASI_TX_CSR_OFFSET                                          
  144                CITRA_ROUTER_IO_GV_ASI_GVASI_TX_CSR_OFFSET                                          
  144                CITRA_ROUTER_IO_GV_ASI_GVASI_TX_CSR_OFFSET                                          
  144                CITRA_ROUTER_IO_GV_ASI_GVASI_TX_CSR_OFFSET                                          
  144                CITRA_ROUTER_IO_GV_ASI_GVASI_TX_CSR_OFFSET                                          
  262400             CITRA_INPUT_PROC_INPUT_CHANNEL_AUDIO_DMB_ADDRESS(0)                                 
  266496             CITRA_INPUT_PROC_INPUT_CHANNEL_AUDIO_DMB_ADDRESS(1)                                 
  270592             CITRA_INPUT_PROC_INPUT_CHANNEL_AUDIO_DMB_ADDRESS(2)                                 
  274688             CITRA_INPUT_PROC_INPUT_CHANNEL_AUDIO_DMB_ADDRESS(3)                                 
  278784             CITRA_INPUT_PROC_INPUT_CHANNEL_AUDIO_DMB_ADDRESS(4)                                 
  282880             CITRA_INPUT_PROC_INPUT_CHANNEL_AUDIO_DMB_ADDRESS(5)                                 
  286976             CITRA_INPUT_PROC_INPUT_CHANNEL_AUDIO_DMB_ADDRESS(6)                                 
  291072             CITRA_INPUT_PROC_INPUT_CHANNEL_AUDIO_DMB_ADDRESS(7)                                 
  295168             CITRA_INPUT_PROC_INPUT_CHANNEL_AUDIO_DMB_ADDRESS(8)                                 
 -512                ~CITRA_AUD_DLY_IDLY_EN_EN_BIT_MASK                                                  
 -512                ~CITRA_AUD_DLY_ODLY_EN_EN_BIT_MASK                                                  
  1                  CITRA_AUD_DLY_MEM_CSR_RST_BIT_MASK                                                  
 -2                  ~CITRA_AUD_DLY_MEM_CSR_RST_BIT_MASK                                                 
 -2147483648         CITRA_AUD_DLY_MEM_CSR_INIT_BIT_MASK                                                 
  511                CITRA_AUD_DLY_IDLY_EN_EN_BIT_MASK                                                   
  511                CITRA_AUD_DLY_ODLY_EN_EN_BIT_MASK                                                   
  1                  CITRA_AUD_DLY_MEM_CSR_RST_BIT_MASK                                                  
 -2                  ~CITRA_AUD_DLY_MEM_CSR_RST_BIT_MASK                                                 
  511                CITRA_AUD_DLY_IDLY_EN_EN_BIT_MASK                                                   
 -512                ~CITRA_AUD_DLY_IDLY_EN_EN_BIT_MASK                                                  
  511                CITRA_AUD_DLY_ODLY_EN_EN_BIT_MASK                                                   
 -512                ~CITRA_AUD_DLY_ODLY_EN_EN_BIT_MASK                                                  
 -2147483648         CITRA_AUD_DLY_MEM_CSR_INIT_BIT_MASK                                                 
  65535              CITRA_AUD_DLY_BIST_ERR_DAT_DATA_BIT_MASK                                            
  458752             CITRA_AUD_DLY_BIST_ERR_DAT_SEL_BIT_MASK                                             
  268435455          CITRA_AUD_DLY_BIST_ERR_ADDR_ADDR_BIT_MASK                                           
  32767              CITRA_AUD_DLY_IDLY_SEL0_SEL_BIT_MASK                                                
  32767              CITRA_AUD_DLY_IDLY_SEL0_SEL_BIT_MASK                                                
  32767              CITRA_AUD_DLY_IDLY_SEL0_SEL_BIT_MASK                                                
  65535              CITRA_OUTPUT_PROC_OUTPUT_CHANNEL_VIDEO_VID_DELAY_REG_BIT_MASK                       
  65535              CITRA_OUTPUT_PROC_OUTPUT_CHANNEL_VIDEO_VID_DELAY_REG_BIT_MASK                       
  65535              CITRA_OUTPUT_PROC_OUTPUT_CHANNEL_VIDEO_VID_DELAY_REG_BIT_MASK                       
  16                 CITRA_REAR_IO_RP_QUAD_SDI_RX0_STATUS_OFFSET                                         
  19                 CITRA_REAR_IO_RP_QUAD_SDI_RX0_STATUS_RESETDONE_BIT_LSB                              
 
