Hello world
                                            CITRA_COMMON_GLOBAL_GLOBAL_ID_OFFSET   44        
                                 CITRA_COMMON_FAN_FAN_TACH_STATUS_STALL_BIT_MASK   -2147483648        
                            CITRA_COMMON_FAN_FAN_TACH_STATUS_FAN_PERIOD_BIT_MASK   4194303        
                                  CITRA_COMMON_GLOBAL_GLOBAL_ID_REAR_ID_BIT_MASK   15        
                                   CITRA_COMMON_GLOBAL_GLOBAL_ID_REAR_ID_BIT_LSB   0        
                                                        CITRA_COMMON_URS_ADDRESS   65792        
                                                 CITRA_COMMON_URS_CONTROL_OFFSET   0        
                                            CITRA_COMMON_OUTPUT_FLYWHEEL_ADDRESS   65872        
                                           CITRA_REAR_IO_RP_QUADX_SDI_ADDRESS(0)   131072        
                             CITRA_REAR_IO_RP_QUADX_SDI_QUAD_CSR_REGISTER_OFFSET   96        
                                           CITRA_REAR_IO_RP_QUADX_SDI_ADDRESS(1)   135168        
                             CITRA_REAR_IO_RP_QUADX_SDI_QUAD_CSR_REGISTER_OFFSET   96        
                                           CITRA_REAR_IO_RP_QUADX_SDI_ADDRESS(2)   139264        
                             CITRA_REAR_IO_RP_QUADX_SDI_QUAD_CSR_REGISTER_OFFSET   96        
                                           CITRA_ROUTER_IO_GVASI_CLK_CTRL_OFFSET   0        
                                   CITRA_ROUTER_IO_ROUTER_IO_GVASI_TX_CSR_OFFSET   144        
                                   CITRA_ROUTER_IO_ROUTER_IO_GVASI_TX_CSR_OFFSET   144        
                                   CITRA_ROUTER_IO_ROUTER_IO_GVASI_TX_CSR_OFFSET   144        
                                   CITRA_ROUTER_IO_ROUTER_IO_GVASI_TX_CSR_OFFSET   144        
                                   CITRA_ROUTER_IO_ROUTER_IO_GVASI_TX_CSR_OFFSET   144        
                                   CITRA_ROUTER_IO_ROUTER_IO_GVASI_TX_CSR_OFFSET   144        
                                   CITRA_ROUTER_IO_ROUTER_IO_GVASI_TX_CSR_OFFSET   144        
                                   CITRA_ROUTER_IO_ROUTER_IO_GVASI_TX_CSR_OFFSET   144        
                                   CITRA_ROUTER_IO_ROUTER_IO_GVASI_TX_CSR_OFFSET   144        
                                   CITRA_REAR_IO_RP_QUADX_SDI_GTH_X_ADDRESS(0,0)   131072        
                     CITRA_REAR_IO_RP_QUADX_SDI_GTH_X_RX_CONTROL_REGISTER_OFFSET   12        
                                   CITRA_REAR_IO_RP_QUADX_SDI_GTH_X_ADDRESS(0,1)   131096        
                     CITRA_REAR_IO_RP_QUADX_SDI_GTH_X_RX_CONTROL_REGISTER_OFFSET   12        
                                   CITRA_REAR_IO_RP_QUADX_SDI_GTH_X_ADDRESS(0,2)   131120        
                     CITRA_REAR_IO_RP_QUADX_SDI_GTH_X_RX_CONTROL_REGISTER_OFFSET   12        
                                   CITRA_REAR_IO_RP_QUADX_SDI_GTH_X_ADDRESS(0,3)   131144        
                     CITRA_REAR_IO_RP_QUADX_SDI_GTH_X_RX_CONTROL_REGISTER_OFFSET   12        
                                   CITRA_REAR_IO_RP_QUADX_SDI_GTH_X_ADDRESS(1,0)   135168        
                     CITRA_REAR_IO_RP_QUADX_SDI_GTH_X_RX_CONTROL_REGISTER_OFFSET   12        
                                   CITRA_REAR_IO_RP_QUADX_SDI_GTH_X_ADDRESS(1,1)   135192        
                     CITRA_REAR_IO_RP_QUADX_SDI_GTH_X_RX_CONTROL_REGISTER_OFFSET   12        
                                   CITRA_REAR_IO_RP_QUADX_SDI_GTH_X_ADDRESS(1,2)   135216        
                     CITRA_REAR_IO_RP_QUADX_SDI_GTH_X_RX_CONTROL_REGISTER_OFFSET   12        
                                   CITRA_REAR_IO_RP_QUADX_SDI_GTH_X_ADDRESS(1,3)   135240        
                     CITRA_REAR_IO_RP_QUADX_SDI_GTH_X_RX_CONTROL_REGISTER_OFFSET   12        
                                   CITRA_REAR_IO_RP_QUADX_SDI_GTH_X_ADDRESS(2,0)   139264        
                     CITRA_REAR_IO_RP_QUADX_SDI_GTH_X_RX_CONTROL_REGISTER_OFFSET   12        
                                  CITRA_REAR_IO_RP_QUADX_SDI_RX_CRC_ADDRESS(0,0)   131176        
                                  CITRA_REAR_IO_RP_QUADX_SDI_RX_CRC_ADDRESS(0,1)   131180        
                                  CITRA_REAR_IO_RP_QUADX_SDI_RX_CRC_ADDRESS(0,2)   131184        
                                  CITRA_REAR_IO_RP_QUADX_SDI_RX_CRC_ADDRESS(0,3)   131188        
                                  CITRA_REAR_IO_RP_QUADX_SDI_RX_CRC_ADDRESS(1,0)   135272        
                                  CITRA_REAR_IO_RP_QUADX_SDI_RX_CRC_ADDRESS(1,1)   135276        
                                  CITRA_REAR_IO_RP_QUADX_SDI_RX_CRC_ADDRESS(1,2)   135280        
                                  CITRA_REAR_IO_RP_QUADX_SDI_RX_CRC_ADDRESS(1,3)   135284        
                                  CITRA_REAR_IO_RP_QUADX_SDI_RX_CRC_ADDRESS(2,0)   139368        
                                   CITRA_REAR_IO_RP_QUADX_SDI_GTH_X_ADDRESS(0,0)   131072        
                     CITRA_REAR_IO_RP_QUADX_SDI_GTH_X_TX_CONTROL_REGISTER_OFFSET   0        
                                   CITRA_REAR_IO_RP_QUADX_SDI_GTH_X_ADDRESS(0,1)   131096        
                     CITRA_REAR_IO_RP_QUADX_SDI_GTH_X_TX_CONTROL_REGISTER_OFFSET   0        
                                   CITRA_REAR_IO_RP_QUADX_SDI_GTH_X_ADDRESS(0,2)   131120        
                     CITRA_REAR_IO_RP_QUADX_SDI_GTH_X_TX_CONTROL_REGISTER_OFFSET   0        
                                   CITRA_REAR_IO_RP_QUADX_SDI_GTH_X_ADDRESS(0,3)   131144        
                     CITRA_REAR_IO_RP_QUADX_SDI_GTH_X_TX_CONTROL_REGISTER_OFFSET   0        
                                   CITRA_REAR_IO_RP_QUADX_SDI_GTH_X_ADDRESS(1,0)   135168        
                     CITRA_REAR_IO_RP_QUADX_SDI_GTH_X_TX_CONTROL_REGISTER_OFFSET   0        
                                   CITRA_REAR_IO_RP_QUADX_SDI_GTH_X_ADDRESS(1,1)   135192        
                     CITRA_REAR_IO_RP_QUADX_SDI_GTH_X_TX_CONTROL_REGISTER_OFFSET   0        
                                   CITRA_REAR_IO_RP_QUADX_SDI_GTH_X_ADDRESS(1,2)   135216        
                     CITRA_REAR_IO_RP_QUADX_SDI_GTH_X_TX_CONTROL_REGISTER_OFFSET   0        
                                   CITRA_REAR_IO_RP_QUADX_SDI_GTH_X_ADDRESS(1,3)   135240        
                     CITRA_REAR_IO_RP_QUADX_SDI_GTH_X_TX_CONTROL_REGISTER_OFFSET   0        
                                   CITRA_REAR_IO_RP_QUADX_SDI_GTH_X_ADDRESS(2,0)   139264        
                     CITRA_REAR_IO_RP_QUADX_SDI_GTH_X_TX_CONTROL_REGISTER_OFFSET   0        
                                   CITRA_REAR_IO_RP_QUADX_SDI_GTH_X_ADDRESS(0,0)   131072        
                                   CITRA_REAR_IO_RP_QUADX_SDI_GTH_X_ADDRESS(0,1)   131096        
                                   CITRA_REAR_IO_RP_QUADX_SDI_GTH_X_ADDRESS(0,2)   131120        
                                   CITRA_REAR_IO_RP_QUADX_SDI_GTH_X_ADDRESS(0,3)   131144        
                                   CITRA_REAR_IO_RP_QUADX_SDI_GTH_X_ADDRESS(1,0)   135168        
                                   CITRA_REAR_IO_RP_QUADX_SDI_GTH_X_ADDRESS(1,1)   135192        
                                   CITRA_REAR_IO_RP_QUADX_SDI_GTH_X_ADDRESS(1,2)   135216        
                                   CITRA_REAR_IO_RP_QUADX_SDI_GTH_X_ADDRESS(1,3)   135240        
                                   CITRA_REAR_IO_RP_QUADX_SDI_GTH_X_ADDRESS(2,0)   139264        
                                           CITRA_ROUTER_IO_GVASI_CTRL_ADDRESS(0)   196620        
                                           CITRA_ROUTER_IO_GVASI_CTRL_ADDRESS(1)   196624        
                                           CITRA_ROUTER_IO_GVASI_CTRL_ADDRESS(2)   196628        
                                           CITRA_ROUTER_IO_GVASI_CTRL_ADDRESS(3)   196632        
                                           CITRA_ROUTER_IO_GVASI_CTRL_ADDRESS(4)   196636        
                                           CITRA_ROUTER_IO_GVASI_CTRL_ADDRESS(5)   196640        
                                           CITRA_ROUTER_IO_GVASI_CTRL_ADDRESS(6)   196644        
                                           CITRA_ROUTER_IO_GVASI_CTRL_ADDRESS(7)   196648        
                                           CITRA_ROUTER_IO_GVASI_CTRL_ADDRESS(8)   196652        
                        CITRA_REAR_IO_RP_QUADX_SDI_INPUT_FLYWHEEL_X_ADDRESS(0,0)   132096        
                        CITRA_REAR_IO_RP_QUADX_SDI_INPUT_FLYWHEEL_X_ADDRESS(0,1)   132352        
                        CITRA_REAR_IO_RP_QUADX_SDI_INPUT_FLYWHEEL_X_ADDRESS(0,2)   132608        
                        CITRA_REAR_IO_RP_QUADX_SDI_INPUT_FLYWHEEL_X_ADDRESS(0,3)   132864        
                        CITRA_REAR_IO_RP_QUADX_SDI_INPUT_FLYWHEEL_X_ADDRESS(1,0)   136192        
                        CITRA_REAR_IO_RP_QUADX_SDI_INPUT_FLYWHEEL_X_ADDRESS(1,1)   136448        
                        CITRA_REAR_IO_RP_QUADX_SDI_INPUT_FLYWHEEL_X_ADDRESS(1,2)   136704        
                        CITRA_REAR_IO_RP_QUADX_SDI_INPUT_FLYWHEEL_X_ADDRESS(1,3)   136960        
                        CITRA_REAR_IO_RP_QUADX_SDI_INPUT_FLYWHEEL_X_ADDRESS(2,0)   140288        
                                CITRA_ROUTER_IO_SDI_OUTPUT_FLYWHEEL_X_ADDRESS(0)   196864        
                                CITRA_ROUTER_IO_SDI_OUTPUT_FLYWHEEL_X_ADDRESS(1)   197120        
                                CITRA_ROUTER_IO_SDI_OUTPUT_FLYWHEEL_X_ADDRESS(2)   197376        
                                CITRA_ROUTER_IO_SDI_OUTPUT_FLYWHEEL_X_ADDRESS(3)   197632        
                                CITRA_ROUTER_IO_SDI_OUTPUT_FLYWHEEL_X_ADDRESS(4)   197888        
                                CITRA_ROUTER_IO_SDI_OUTPUT_FLYWHEEL_X_ADDRESS(5)   198144        
                                CITRA_ROUTER_IO_SDI_OUTPUT_FLYWHEEL_X_ADDRESS(6)   198400        
                                CITRA_ROUTER_IO_SDI_OUTPUT_FLYWHEEL_X_ADDRESS(7)   198656        
                                CITRA_ROUTER_IO_SDI_OUTPUT_FLYWHEEL_X_ADDRESS(8)   198912        
                                           CITRA_ROUTER_IO_GVASI_CTRL_ADDRESS(0)   196620        
                                           CITRA_ROUTER_IO_GVASI_CTRL_ADDRESS(1)   196624        
                                           CITRA_ROUTER_IO_GVASI_CTRL_ADDRESS(2)   196628        
                                           CITRA_ROUTER_IO_GVASI_CTRL_ADDRESS(3)   196632        
                                           CITRA_ROUTER_IO_GVASI_CTRL_ADDRESS(4)   196636        
                                           CITRA_ROUTER_IO_GVASI_CTRL_ADDRESS(5)   196640        
                                           CITRA_ROUTER_IO_GVASI_CTRL_ADDRESS(6)   196644        
                                           CITRA_ROUTER_IO_GVASI_CTRL_ADDRESS(7)   196648        
                                           CITRA_ROUTER_IO_GVASI_CTRL_ADDRESS(8)   196652        
                                         CITRA_OUTPUT_PROC_CH_X_VIDEO_ADDRESS(0)   327680        
                                         CITRA_OUTPUT_PROC_CH_X_VIDEO_ADDRESS(1)   331776        
                                         CITRA_OUTPUT_PROC_CH_X_VIDEO_ADDRESS(2)   335872        
                                         CITRA_OUTPUT_PROC_CH_X_VIDEO_ADDRESS(3)   339968        
                                         CITRA_OUTPUT_PROC_CH_X_VIDEO_ADDRESS(4)   344064        
                                         CITRA_OUTPUT_PROC_CH_X_VIDEO_ADDRESS(5)   348160        
                                         CITRA_OUTPUT_PROC_CH_X_VIDEO_ADDRESS(6)   352256        
                                         CITRA_OUTPUT_PROC_CH_X_VIDEO_ADDRESS(7)   356352        
                                         CITRA_OUTPUT_PROC_CH_X_VIDEO_ADDRESS(8)   360448        
                         CITRA_OUTPUT_PROC_CH_X_OUTPUT_TIMING_MONITOR_ADDRESS(0)   328448        
                         CITRA_OUTPUT_PROC_CH_X_OUTPUT_TIMING_MONITOR_ADDRESS(1)   332544        
                         CITRA_OUTPUT_PROC_CH_X_OUTPUT_TIMING_MONITOR_ADDRESS(2)   336640        
                         CITRA_OUTPUT_PROC_CH_X_OUTPUT_TIMING_MONITOR_ADDRESS(3)   340736        
                         CITRA_OUTPUT_PROC_CH_X_OUTPUT_TIMING_MONITOR_ADDRESS(4)   344832        
                         CITRA_OUTPUT_PROC_CH_X_OUTPUT_TIMING_MONITOR_ADDRESS(5)   348928        
                         CITRA_OUTPUT_PROC_CH_X_OUTPUT_TIMING_MONITOR_ADDRESS(6)   353024        
                         CITRA_OUTPUT_PROC_CH_X_OUTPUT_TIMING_MONITOR_ADDRESS(7)   357120        
                         CITRA_OUTPUT_PROC_CH_X_OUTPUT_TIMING_MONITOR_ADDRESS(8)   361216        
                                          CITRA_INPUT_PROC_CH_X_AUDIO_ADDRESS(0)   262400        
                                          CITRA_INPUT_PROC_CH_X_AUDIO_ADDRESS(1)   266496        
                                          CITRA_INPUT_PROC_CH_X_AUDIO_ADDRESS(2)   270592        
                                          CITRA_INPUT_PROC_CH_X_AUDIO_ADDRESS(3)   274688        
                                          CITRA_INPUT_PROC_CH_X_AUDIO_ADDRESS(4)   278784        
                                          CITRA_INPUT_PROC_CH_X_AUDIO_ADDRESS(5)   282880        
                                          CITRA_INPUT_PROC_CH_X_AUDIO_ADDRESS(6)   286976        
                                          CITRA_INPUT_PROC_CH_X_AUDIO_ADDRESS(7)   291072        
                                          CITRA_INPUT_PROC_CH_X_AUDIO_ADDRESS(8)   295168        
                                          CITRA_INPUT_PROC_CH_X_AUDIO_ADDRESS(0)   262400        
                                          CITRA_INPUT_PROC_CH_X_AUDIO_ADDRESS(1)   266496        
                                          CITRA_INPUT_PROC_CH_X_AUDIO_ADDRESS(2)   270592        
                                          CITRA_INPUT_PROC_CH_X_AUDIO_ADDRESS(3)   274688        
                                          CITRA_INPUT_PROC_CH_X_AUDIO_ADDRESS(4)   278784        
                                          CITRA_INPUT_PROC_CH_X_AUDIO_ADDRESS(5)   282880        
                                          CITRA_INPUT_PROC_CH_X_AUDIO_ADDRESS(6)   286976        
                                          CITRA_INPUT_PROC_CH_X_AUDIO_ADDRESS(7)   291072        
                                          CITRA_INPUT_PROC_CH_X_AUDIO_ADDRESS(8)   295168        
                                         CITRA_OUTPUT_PROC_CH_X_AUDIO_ADDRESS(0)   327936        
                                         CITRA_OUTPUT_PROC_CH_X_AUDIO_ADDRESS(1)   332032        
                                         CITRA_OUTPUT_PROC_CH_X_AUDIO_ADDRESS(2)   336128        
                                         CITRA_OUTPUT_PROC_CH_X_AUDIO_ADDRESS(3)   340224        
                                         CITRA_OUTPUT_PROC_CH_X_AUDIO_ADDRESS(4)   344320        
                                         CITRA_OUTPUT_PROC_CH_X_AUDIO_ADDRESS(5)   348416        
                                         CITRA_OUTPUT_PROC_CH_X_AUDIO_ADDRESS(6)   352512        
                                         CITRA_OUTPUT_PROC_CH_X_AUDIO_ADDRESS(7)   356608        
                                         CITRA_OUTPUT_PROC_CH_X_AUDIO_ADDRESS(8)   360704        
                                         CITRA_OUTPUT_PROC_CH_X_AUDIO_ADDRESS(0)   327936        
                                         CITRA_OUTPUT_PROC_CH_X_AUDIO_ADDRESS(1)   332032        
                                         CITRA_OUTPUT_PROC_CH_X_AUDIO_ADDRESS(2)   336128        
                                         CITRA_OUTPUT_PROC_CH_X_AUDIO_ADDRESS(3)   340224        
                                         CITRA_OUTPUT_PROC_CH_X_AUDIO_ADDRESS(4)   344320        
                                         CITRA_OUTPUT_PROC_CH_X_AUDIO_ADDRESS(5)   348416        
                                         CITRA_OUTPUT_PROC_CH_X_AUDIO_ADDRESS(6)   352512        
                                         CITRA_OUTPUT_PROC_CH_X_AUDIO_ADDRESS(7)   356608        
                                         CITRA_OUTPUT_PROC_CH_X_AUDIO_ADDRESS(8)   360704        
                                                 CITRA_ROUTER_IO_ATDM_CTL_OFFSET   52        
                                  CITRA_COMMON_GLOBAL_GLOBAL_ATDM_RST_CTL_OFFSET   64        
                                  CITRA_COMMON_GLOBAL_GLOBAL_SILAB_STATUS_OFFSET   108        
                                   CITRA_INPUT_PROC_CH_X_AUDIO_DETECT_ADDRESS(0)   262912        
                                   CITRA_INPUT_PROC_CH_X_AUDIO_DETECT_ADDRESS(1)   267008        
                                   CITRA_INPUT_PROC_CH_X_AUDIO_DETECT_ADDRESS(2)   271104        
                                   CITRA_INPUT_PROC_CH_X_AUDIO_DETECT_ADDRESS(3)   275200        
                                   CITRA_INPUT_PROC_CH_X_AUDIO_DETECT_ADDRESS(4)   279296        
                                   CITRA_INPUT_PROC_CH_X_AUDIO_DETECT_ADDRESS(5)   283392        
                                   CITRA_INPUT_PROC_CH_X_AUDIO_DETECT_ADDRESS(6)   287488        
                                   CITRA_INPUT_PROC_CH_X_AUDIO_DETECT_ADDRESS(7)   291584        
                                   CITRA_INPUT_PROC_CH_X_AUDIO_DETECT_ADDRESS(8)   295680        
                                     CITRA_COMMON_TONE_GEN_INPUT_OVERRIDE_OFFSET   32        
                                    CITRA_COMMON_TONE_GEN_OUTPUT_OVERRIDE_OFFSET   36        
                                   CITRA_ROUTER_IO_ROUTER_IO_GVASI_TX_CSR_OFFSET   144        
                                   CITRA_ROUTER_IO_ROUTER_IO_GVASI_TX_CSR_OFFSET   144        
                                   CITRA_ROUTER_IO_ROUTER_IO_GVASI_TX_CSR_OFFSET   144        
                                   CITRA_ROUTER_IO_ROUTER_IO_GVASI_TX_CSR_OFFSET   144        
                                   CITRA_ROUTER_IO_ROUTER_IO_GVASI_TX_CSR_OFFSET   144        
                                   CITRA_ROUTER_IO_ROUTER_IO_GVASI_TX_CSR_OFFSET   144        
                                   CITRA_ROUTER_IO_ROUTER_IO_GVASI_TX_CSR_OFFSET   144        
                                   CITRA_ROUTER_IO_ROUTER_IO_GVASI_TX_CSR_OFFSET   144        
                                   CITRA_ROUTER_IO_ROUTER_IO_GVASI_TX_CSR_OFFSET   144        
                                          CITRA_INPUT_PROC_CH_X_AUDIO_ADDRESS(0)   262400        
                                          CITRA_INPUT_PROC_CH_X_AUDIO_ADDRESS(1)   266496        
                                          CITRA_INPUT_PROC_CH_X_AUDIO_ADDRESS(2)   270592        
                                          CITRA_INPUT_PROC_CH_X_AUDIO_ADDRESS(3)   274688        
                                          CITRA_INPUT_PROC_CH_X_AUDIO_ADDRESS(4)   278784        
                                          CITRA_INPUT_PROC_CH_X_AUDIO_ADDRESS(5)   282880        
                                          CITRA_INPUT_PROC_CH_X_AUDIO_ADDRESS(6)   286976        
                                          CITRA_INPUT_PROC_CH_X_AUDIO_ADDRESS(7)   291072        
                                          CITRA_INPUT_PROC_CH_X_AUDIO_ADDRESS(8)   295168        
                                   ~CITRA_AUD_DLY_INPUT_DELAY_ENABLE_EN_BIT_MASK   -512        
                                  ~CITRA_AUD_DLY_OUTPUT_DELAY_ENABLE_EN_BIT_MASK   -512        
                                          CITRA_AUD_DLY_MEMORYCSR_RESET_BIT_MASK   1        
                                         ~CITRA_AUD_DLY_MEMORYCSR_RESET_BIT_MASK   -2        
                                      CITRA_AUD_DLY_MEMORYCSR_INIT_DONE_BIT_MASK   -2147483648        
                                    CITRA_AUD_DLY_INPUT_DELAY_ENABLE_EN_BIT_MASK   511        
                                   CITRA_AUD_DLY_OUTPUT_DELAY_ENABLE_EN_BIT_MASK   511        
                                          CITRA_AUD_DLY_MEMORYCSR_RESET_BIT_MASK   1        
                                         ~CITRA_AUD_DLY_MEMORYCSR_RESET_BIT_MASK   -2        
                                    CITRA_AUD_DLY_INPUT_DELAY_ENABLE_EN_BIT_MASK   511        
                                   ~CITRA_AUD_DLY_INPUT_DELAY_ENABLE_EN_BIT_MASK   -512        
                                   CITRA_AUD_DLY_OUTPUT_DELAY_ENABLE_EN_BIT_MASK   511        
                                  ~CITRA_AUD_DLY_OUTPUT_DELAY_ENABLE_EN_BIT_MASK   -512        
                                      CITRA_AUD_DLY_MEMORYCSR_INIT_DONE_BIT_MASK   -2147483648        
                              CITRA_AUD_DLY_BIST_DATA_ERROR_STATUS_DATA_BIT_MASK   65535        
                               CITRA_AUD_DLY_BIST_DATA_ERROR_STATUS_SEL_BIT_MASK   458752        
                           CITRA_AUD_DLY_BIST_ADDRESS_ERROR_STATUS_ADDR_BIT_MASK   268435455        
                                   CITRA_AUD_DLY_INPUT_DELAY_SELECT_SEL_BIT_MASK   32767        
                                   CITRA_AUD_DLY_INPUT_DELAY_SELECT_SEL_BIT_MASK   32767        
                                   CITRA_AUD_DLY_INPUT_DELAY_SELECT_SEL_BIT_MASK   32767        
                       CITRA_OUTPUT_PROC_CH_X_VIDEO_VID_DLY_PIXEL_DELAY_BIT_MASK   32767        
                       CITRA_OUTPUT_PROC_CH_X_VIDEO_VID_DLY_PIXEL_DELAY_BIT_MASK   32767        
                       CITRA_OUTPUT_PROC_CH_X_VIDEO_VID_DLY_PIXEL_DELAY_BIT_MASK   32767        
                      CITRA_REAR_IO_RP_QUADX_SDI_GTH_X_RX_STATUS_REGISTER_OFFSET   16        
           CITRA_REAR_IO_RP_QUADX_SDI_GTH_X_RX_STATUS_REGISTER_RESETDONE_BIT_LSB   19        

